This is e-pTeX, Version 3.14159265-p3.6-141210-2.6 (utf8.euc) (TeX Live 2015) (preloaded format=platex 2016.1.27)  30 NOV 2016 23:20
entering extended mode
 restricted \write18 enabled.
 %&-line parsing enabled.
**thesis.tex
(./thesis.tex
pLaTeX2e <2006/11/10> (based on LaTeX2e <2015/01/01> patch level 0)
Babel <3.9l> and hyphenation patterns for 79 languages loaded.
(/usr/local/texlive/2015/texmf-dist/tex/platex/base/jreport.cls
Document Class: jreport 2006/06/27 v1.6 Standard pLaTeX class
\c@@paper=\count81
(/usr/local/texlive/2015/texmf-dist/tex/platex/base/jsize12.clo
File: jsize12.clo 2006/06/27 v1.6 Standard pLaTeX file (size option)
)
\c@part=\count82
\c@chapter=\count83
\c@section=\count84
\c@subsection=\count85
\c@subsubsection=\count86
\c@paragraph=\count87
\c@subparagraph=\count88
\c@figure=\count89
\c@table=\count90
\abovecaptionskip=\skip41
\belowcaptionskip=\skip42
\symmincho=\mathgroup4
LaTeX Font Info:    Overwriting symbol font `mincho' in version `bold'
(Font)                  JY1/mc/m/n --> JY1/gt/m/n on input line 677.
\toclineskip=\dimen118
\@lnumwidth=\dimen119
\bibindent=\dimen120
\heisei=\count91
)
(/usr/local/texlive/2015/texmf-dist/tex/latex/graphics/graphicx.sty
Package: graphicx 2014/10/28 v1.0g Enhanced LaTeX Graphics (DPC,SPQR)

(/usr/local/texlive/2015/texmf-dist/tex/latex/graphics/keyval.sty
Package: keyval 2014/10/28 v1.15 key=value parser (DPC)
\KV@toks@=\toks15
)
(/usr/local/texlive/2015/texmf-dist/tex/latex/graphics/graphics.sty
Package: graphics 2014/10/28 v1.0p Standard LaTeX Graphics (DPC,SPQR)

(/usr/local/texlive/2015/texmf-dist/tex/latex/graphics/trig.sty
Package: trig 1999/03/16 v1.09 sin cos tan (DPC)
)
(/usr/local/texlive/2015/texmf-dist/tex/latex/latexconfig/graphics.cfg
File: graphics.cfg 2010/04/23 v1.9 graphics configuration of TeX Live
)
Package graphics Info: Driver file: dvipdfmx.def on input line 94.

(/usr/local/texlive/2015/texmf-dist/tex/latex/dvipdfmx-def/dvipdfmx.def
File: dvipdfmx.def 2015/11/04 v4.07 LaTeX color/graphics driver for dvipdfmx (T
eX Live/ChoF)

(/usr/local/texlive/2015/texmf-dist/tex/generic/oberdiek/infwarerr.sty
Package: infwarerr 2010/04/08 v1.3 Providing info/warning/error messages (HO)
)
(/usr/local/texlive/2015/texmf-dist/tex/generic/oberdiek/ltxcmds.sty
Package: ltxcmds 2011/11/09 v1.22 LaTeX kernel commands for general use (HO)
)))
\Gin@req@height=\dimen121
\Gin@req@width=\dimen122
)
(/usr/local/texlive/2015/texmf-dist/tex/latex/here/here.sty)
(/usr/local/texlive/2015/texmf-dist/tex/latex/float/float.sty
Package: float 2001/11/08 v1.3d Float enhancements (AL)
\c@float@type=\count92
\float@exts=\toks16
\float@box=\box41
\@float@everytoks=\toks17
\@floatcapt=\box42
)
(/usr/local/texlive/2015/texmf-dist/tex/latex/graphics/color.sty
Package: color 2014/10/28 v1.1a Standard LaTeX Color (DPC)

(/usr/local/texlive/2015/texmf-dist/tex/latex/latexconfig/color.cfg
File: color.cfg 2007/01/18 v1.5 color configuration of teTeX/TeXLive
)
Package color Info: Driver file: dvips.def on input line 142.

(/usr/local/texlive/2015/texmf-dist/tex/latex/graphics/dvips.def
File: dvips.def 2014/10/14 v3.0j Driver-dependent file (DPC,SPQR)
)
(/usr/local/texlive/2015/texmf-dist/tex/latex/graphics/dvipsnam.def
File: dvipsnam.def 2014/10/14 v3.0j Driver-dependent file (DPC,SPQR)
))
(/usr/local/texlive/2015/texmf-dist/tex/platex/base/ascmac.sty
(/usr/local/texlive/2015/texmf-dist/tex/platex/base/tascmac.sty
\@savetbaselineshift=\dimen123
\@saveybaselineshift=\dimen124
\scb@x=\box43
\scscb@x=\box44
\@bw=\dimen125
\@nbox=\box45
\@nbody=\box46
\@scw=\dimen126
\@itemh=\dimen127
\@iboxpos=\toks18
\@iboxstr=\box47
\@bwsp=\box48
\@@bwsp=\box49
\@bcal=\count93
\shaderule=\dimen128
))
(/usr/local/texlive/2015/texmf-dist/tex/latex/comment/comment.sty
\CommentStream=\write3

Excluding comment 'comment')
(/usr/local/texlive/2015/texmf-dist/tex/latex/mathtools/mathtools.sty
Package: mathtools 2015/11/12 v1.18 mathematical typesetting tools

(/usr/local/texlive/2015/texmf-dist/tex/latex/tools/calc.sty
Package: calc 2014/10/28 v4.3 Infix arithmetic (KKT,FJ)
\calc@Acount=\count94
\calc@Bcount=\count95
\calc@Adimen=\dimen129
\calc@Bdimen=\dimen130
\calc@Askip=\skip43
\calc@Bskip=\skip44
LaTeX Info: Redefining \setlength on input line 80.
LaTeX Info: Redefining \addtolength on input line 81.
\calc@Ccount=\count96
\calc@Cskip=\skip45
)
(/usr/local/texlive/2015/texmf-dist/tex/latex/mathtools/mhsetup.sty
Package: mhsetup 2010/01/21 v1.2a programming setup (MH)
)
(/usr/local/texlive/2015/texmf-dist/tex/latex/amsmath/amsmath.sty
Package: amsmath 2013/01/14 v2.14 AMS math features
\@mathmargin=\skip46

For additional information on amsmath, use the `?' option.
(/usr/local/texlive/2015/texmf-dist/tex/latex/amsmath/amstext.sty
Package: amstext 2000/06/29 v2.01

(/usr/local/texlive/2015/texmf-dist/tex/latex/amsmath/amsgen.sty
File: amsgen.sty 1999/11/30 v2.0
\@emptytoks=\toks19
\ex@=\dimen131
))
(/usr/local/texlive/2015/texmf-dist/tex/latex/amsmath/amsbsy.sty
Package: amsbsy 1999/11/29 v1.2d
\pmbraise@=\dimen132
)
(/usr/local/texlive/2015/texmf-dist/tex/latex/amsmath/amsopn.sty
Package: amsopn 1999/12/14 v2.01 operator names
)
\inf@bad=\count97
LaTeX Info: Redefining \frac on input line 210.
\uproot@=\count98
\leftroot@=\count99
LaTeX Info: Redefining \overline on input line 306.
\classnum@=\count100
\DOTSCASE@=\count101
LaTeX Info: Redefining \ldots on input line 378.
LaTeX Info: Redefining \dots on input line 381.
LaTeX Info: Redefining \cdots on input line 466.
\Mathstrutbox@=\box50
\strutbox@=\box51
\big@size=\dimen133
LaTeX Font Info:    Redeclaring font encoding OML on input line 566.
LaTeX Font Info:    Redeclaring font encoding OMS on input line 567.
\macc@depth=\count102
\c@MaxMatrixCols=\count103
\dotsspace@=\muskip10
\c@parentequation=\count104
\dspbrk@lvl=\count105
\tag@help=\toks20
\row@=\count106
\column@=\count107
\maxfields@=\count108
\andhelp@=\toks21
\eqnshift@=\dimen134
\alignsep@=\dimen135
\tagshift@=\dimen136
\tagwidth@=\dimen137
\totwidth@=\dimen138
\lineht@=\dimen139
\@envbody=\toks22
\multlinegap=\skip47
\multlinetaggap=\skip48
\mathdisplay@stack=\toks23
LaTeX Info: Redefining \[ on input line 2665.
LaTeX Info: Redefining \] on input line 2666.
)
LaTeX Info: Thecontrolsequence`\('isalreadyrobust on input line 129.
LaTeX Info: Thecontrolsequence`\)'isalreadyrobust on input line 129.
LaTeX Info: Thecontrolsequence`\['isalreadyrobust on input line 129.
LaTeX Info: Thecontrolsequence`\]'isalreadyrobust on input line 129.
\g_MT_multlinerow_int=\count109
\l_MT_multwidth_dim=\dimen140
\origjot=\skip49
\l_MT_shortvdotswithinadjustabove_dim=\dimen141
\l_MT_shortvdotswithinadjustbelow_dim=\dimen142
\l_MT_above_intertext_sep=\dimen143
\l_MT_below_intertext_sep=\dimen144
\l_MT_above_shortintertext_sep=\dimen145
\l_MT_below_shortintertext_sep=\dimen146
)
(/usr/local/texlive/2015/texmf-dist/tex/latex/tools/layout.sty
Package: layout 2014/10/28 v1.2c Show layout parameters
\oneinch=\count110
\cnt@paperwidth=\count111
\cnt@paperheight=\count112
\cnt@hoffset=\count113
\cnt@voffset=\count114
\cnt@textheight=\count115
\cnt@textwidth=\count116
\cnt@topmargin=\count117
\cnt@oddsidemargin=\count118
\cnt@evensidemargin=\count119
\cnt@headheight=\count120
\cnt@headsep=\count121
\cnt@marginparsep=\count122
\cnt@marginparwidth=\count123
\cnt@marginparpush=\count124
\cnt@footskip=\count125
\fheight=\count126
\ref@top=\count127
\ref@hoffset=\count128
\ref@voffset=\count129
\ref@head=\count130
\ref@body=\count131
\ref@foot=\count132
\ref@margin=\count133
\ref@marginwidth=\count134
\ref@marginpar=\count135
\Interval=\count136
\ExtraYPos=\count137
\PositionX=\count138
\PositionY=\count139
\ArrowLength=\count140
)
(/usr/local/texlive/2015/texmf-dist/tex/latex/caption/caption.sty
Package: caption 2015/09/17 v3.3-111 Customizing captions (AR)

(/usr/local/texlive/2015/texmf-dist/tex/latex/caption/caption3.sty
Package: caption3 2015/09/20 v1.7-115 caption3 kernel (AR)
Package caption3 Info: TeX engine: e-TeX on input line 57.
\captionmargin=\dimen147
\captionmargin@=\dimen148
\captionwidth=\dimen149
\caption@tempdima=\dimen150
\caption@indent=\dimen151
\caption@parindent=\dimen152
\caption@hangindent=\dimen153
Package caption Info: Unknown document class (or package),
(caption)             standard defaults will be used.
)

Package caption Warning: Unsupported document class (or package) detected,
(caption)                usage of the caption package is not recommended.
See the caption package documentation for explanation.

Package caption Info: \@makecaption = \long macro:#1#2->\vskip \abovecaptionski
p \iftdir \sbox \@tempboxa {#1\hskip 1zw#2}\else \sbox \@tempboxa {#1: #2}\fi \
ifdim \wd \@tempboxa >\hsize \iftdir #1\hskip 1zw#2\relax \par \else #1: #2\rel
ax \par \fi \else \global \@minipagefalse \hbox to\hsize {\hfil \box \@tempboxa
 \hfil }\fi \vskip \belowcaptionskip .
Package caption Info: We need package `newfloat' on input line 292.
(/usr/local/texlive/2015/texmf-dist/tex/latex/caption/newfloat.sty
Package: newfloat 2015/09/17 v1.1-109 Defining new floating environments (AR)
Package newfloat Info: Unsupported document class, or \@chapter 
(newfloat)             was already redefined by another package.
Package newfloat Info: \@chapter = macro:[#1]#2->\ifnum \c@secnumdepth >\m@ne \
refstepcounter {chapter}\typeout {\@chapapp \space \thechapter \space \@chappos
 }\addcontentsline {toc}{chapter}{\protect \numberline {\@chapapp \thechapter \
@chappos }#1}\else \addcontentsline {toc}{chapter}{#1}\fi \chaptermark {#1}\add
tocontents {lof}{\protect \addvspace {10\p@ }}\addtocontents {lot}{\protect \ad
dvspace {10\p@ }}\@makechapterhead {#2}\@afterheading .
Package newfloat Info: \Hy@org@chapter = undefined.
Package newfloat Info: Trying Plan B...
)
\c@ContinuedFloat=\count141
Package caption Info: float package is loaded.
)
(/usr/local/texlive/2015/texmf-dist/tex/latex/hyperref/hyperref.sty
Package: hyperref 2012/11/06 v6.83m Hypertext links for LaTeX

(/usr/local/texlive/2015/texmf-dist/tex/generic/oberdiek/hobsub-hyperref.sty
Package: hobsub-hyperref 2012/05/28 v1.13 Bundle oberdiek, subset hyperref (HO)


(/usr/local/texlive/2015/texmf-dist/tex/generic/oberdiek/hobsub-generic.sty
Package: hobsub-generic 2012/05/28 v1.13 Bundle oberdiek, subset generic (HO)
Package: hobsub 2012/05/28 v1.13 Construct package bundles (HO)
Package hobsub Info: Skipping package `infwarerr' (already loaded).
Package hobsub Info: Skipping package `ltxcmds' (already loaded).
Package: ifluatex 2010/03/01 v1.3 Provides the ifluatex switch (HO)
Package ifluatex Info: LuaTeX not detected.
Package: ifvtex 2010/03/01 v1.5 Detect VTeX and its facilities (HO)
Package ifvtex Info: VTeX not detected.
Package: intcalc 2007/09/27 v1.1 Expandable calculations with integers (HO)
Package: ifpdf 2011/01/30 v2.3 Provides the ifpdf switch (HO)
Package ifpdf Info: pdfTeX in PDF mode is not detected.
Package: etexcmds 2011/02/16 v1.5 Avoid name clashes with e-TeX commands (HO)
Package etexcmds Info: Could not find \expanded.
(etexcmds)             That can mean that you are not using pdfTeX 1.50 or
(etexcmds)             that some package has redefined \expanded.
(etexcmds)             In the latter case, load this package earlier.
Package: kvsetkeys 2012/04/25 v1.16 Key value parser (HO)
Package: kvdefinekeys 2011/04/07 v1.3 Define keys (HO)
Package: pdftexcmds 2011/11/29 v0.20 Utility functions of pdfTeX for LuaTeX (HO
)
Package pdftexcmds Info: LuaTeX not detected.
Package pdftexcmds Info: pdfTeX >= 1.30 not detected.
Package pdftexcmds Info: \pdf@primitive is not available.
Package pdftexcmds Info: \pdf@ifprimitive is not available.
Package pdftexcmds Info: \pdfdraftmode not found.
Package: pdfescape 2011/11/25 v1.13 Implements pdfTeX's escape features (HO)
Package: bigintcalc 2012/04/08 v1.3 Expandable calculations on big integers (HO
)
Package: bitset 2011/01/30 v1.1 Handle bit-vector datatype (HO)
Package: uniquecounter 2011/01/30 v1.2 Provide unlimited unique counter (HO)
)
Package hobsub Info: Skipping package `hobsub' (already loaded).
Package: letltxmacro 2010/09/02 v1.4 Let assignment for LaTeX macros (HO)
Package: hopatch 2012/05/28 v1.2 Wrapper for package hooks (HO)
Package: xcolor-patch 2011/01/30 xcolor patch
Package: atveryend 2011/06/30 v1.8 Hooks at the very end of document (HO)
Package atveryend Info: \enddocument detected (standard20110627).
Package: atbegshi 2011/10/05 v1.16 At begin shipout hook (HO)
Package: refcount 2011/10/16 v3.4 Data extraction from label references (HO)
Package: hycolor 2011/01/30 v1.7 Color options for hyperref/bookmark (HO)
)
(/usr/local/texlive/2015/texmf-dist/tex/generic/ifxetex/ifxetex.sty
Package: ifxetex 2010/09/12 v0.6 Provides ifxetex conditional
)
(/usr/local/texlive/2015/texmf-dist/tex/latex/oberdiek/auxhook.sty
Package: auxhook 2011/03/04 v1.3 Hooks for auxiliary files (HO)
)
(/usr/local/texlive/2015/texmf-dist/tex/latex/oberdiek/kvoptions.sty
Package: kvoptions 2011/06/30 v3.11 Key value format for package options (HO)
)
\@linkdim=\dimen154
\Hy@linkcounter=\count142
\Hy@pagecounter=\count143

(/usr/local/texlive/2015/texmf-dist/tex/latex/hyperref/pd1enc.def
File: pd1enc.def 2012/11/06 v6.83m Hyperref: PDFDocEncoding definition (HO)
)
\Hy@SavedSpaceFactor=\count144

(/usr/local/texlive/2015/texmf-dist/tex/latex/latexconfig/hyperref.cfg
File: hyperref.cfg 2002/06/06 v1.2 hyperref configuration of TeXLive
)
Package hyperref Info: Option `colorlinks' set `true' on input line 4319.
Package hyperref Info: Hyper figures OFF on input line 4443.
Package hyperref Info: Link nesting OFF on input line 4448.
Package hyperref Info: Hyper index ON on input line 4451.
Package hyperref Info: Plain pages OFF on input line 4458.
Package hyperref Info: Backreferencing OFF on input line 4463.
Package hyperref Info: Implicit mode ON; LaTeX internals redefined.
Package hyperref Info: Bookmarks ON on input line 4688.
\c@Hy@tempcnt=\count145

(/usr/local/texlive/2015/texmf-dist/tex/latex/url/url.sty
\Urlmuskip=\muskip11
Package: url 2013/09/16  ver 3.4  Verb mode for urls, etc.
)
LaTeX Info: Redefining \url on input line 5041.
\XeTeXLinkMargin=\dimen155
\Fld@menulength=\count146
\Field@Width=\dimen156
\Fld@charsize=\dimen157
Package hyperref Info: Hyper figures OFF on input line 6295.
Package hyperref Info: Link nesting OFF on input line 6300.
Package hyperref Info: Hyper index ON on input line 6303.
Package hyperref Info: backreferencing OFF on input line 6310.
Package hyperref Info: Link coloring ON on input line 6313.
Package hyperref Info: Link coloring with OCG OFF on input line 6320.
Package hyperref Info: PDF/A mode OFF on input line 6325.
LaTeX Info: Redefining \ref on input line 6365.
LaTeX Info: Redefining \pageref on input line 6369.
\Hy@abspage=\count147
\c@Item=\count148
\c@Hfootnote=\count149
)

Package hyperref Message: Driver: hdvipdfm.

(/usr/local/texlive/2015/texmf-dist/tex/latex/hyperref/hdvipdfm.def
File: hdvipdfm.def 2012/11/06 v6.83m Hyperref driver for dvipdfm
\pdfm@box=\box52
\c@Hy@AnnotLevel=\count150
\HyField@AnnotCount=\count151
\Fld@listcount=\count152
\c@bookmark@seq@number=\count153

(/usr/local/texlive/2015/texmf-dist/tex/latex/oberdiek/rerunfilecheck.sty
Package: rerunfilecheck 2011/04/15 v1.7 Rerun checks for auxiliary files (HO)
Package rerunfilecheck Info: Feature \pdfmdfivesum is not available
(rerunfilecheck)             (e.g. pdfTeX or LuaTeX with package `pdftexcmds').

(rerunfilecheck)             Therefore file contents cannot be checked efficien
tly
(rerunfilecheck)             and the loading of the package is aborted.
)
\Hy@SectionHShift=\skip50
)
(/usr/local/texlive/2015/texmf-dist/tex/latex/version/version.sty
Package: version 2009/09/15  v 2.0
Package version Info: Excluding comment environments declared on input line 115
.
)
(./thesis.aux

LaTeX Warning: Label `im:qudrature' multiply defined.

)
\openout1 = `thesis.aux'.

LaTeX Font Info:    Checking defaults for OML/cmm/m/it on input line 18.
LaTeX Font Info:    ... okay on input line 18.
LaTeX Font Info:    Checking defaults for T1/cmr/m/n on input line 18.
LaTeX Font Info:    ... okay on input line 18.
LaTeX Font Info:    Checking defaults for OT1/cmr/m/n on input line 18.
LaTeX Font Info:    ... okay on input line 18.
LaTeX Font Info:    Checking defaults for OMS/cmsy/m/n on input line 18.
LaTeX Font Info:    ... okay on input line 18.
LaTeX Font Info:    Checking defaults for OMX/cmex/m/n on input line 18.
LaTeX Font Info:    ... okay on input line 18.
LaTeX Font Info:    Checking defaults for U/cmr/m/n on input line 18.
LaTeX Font Info:    ... okay on input line 18.
LaTeX Font Info:    Checking defaults for JY1/mc/m/n on input line 18.
LaTeX Font Info:    ... okay on input line 18.
LaTeX Font Info:    Checking defaults for JT1/mc/m/n on input line 18.
LaTeX Font Info:    ... okay on input line 18.
LaTeX Font Info:    Checking defaults for PD1/pdf/m/n on input line 18.
LaTeX Font Info:    ... okay on input line 18.
Package caption Info: Begin \AtBeginDocument code.
Package caption Info: hyperref package is loaded.
Package caption Info: End \AtBeginDocument code.
\AtBeginShipoutBox=\box53
Package hyperref Info: Link coloring ON on input line 18.
 (/usr/local/texlive/2015/texmf-dist/tex/latex/hyperref/nameref.sty
Package: nameref 2012/10/27 v2.43 Cross-referencing by name of section

(/usr/local/texlive/2015/texmf-dist/tex/generic/oberdiek/gettitlestring.sty
Package: gettitlestring 2010/12/03 v1.4 Cleanup title references (HO)
)
\c@section@level=\count154
)
LaTeX Info: Redefining \ref on input line 18.
LaTeX Info: Redefining \pageref on input line 18.
LaTeX Info: Redefining \nameref on input line 18.

(./thesis.out) (./thesis.out)
\@outlinefile=\write4
\openout4 = `thesis.out'.

 [1

]
LaTeX Font Info:    Font shape `JT1/mc/bx/n' in size <24.88> not available
(Font)              Font shape `JT1/gt/m/n' tried instead on input line 20.
LaTeX Font Info:    Font shape `JY1/mc/bx/n' in size <24.88> not available
(Font)              Font shape `JY1/gt/m/n' tried instead on input line 20.
 (./thesis.toc
LaTeX Font Info:    Font shape `JT1/mc/bx/n' in size <12> not available
(Font)              Font shape `JT1/gt/m/n' tried instead on input line 1.
LaTeX Font Info:    Font shape `JY1/mc/bx/n' in size <12> not available
(Font)              Font shape `JY1/gt/m/n' tried instead on input line 1.
 [1

])
\tf@toc=\write5
\openout5 = `thesis.toc'.

 (./chapter1.tex [2]
第 1 章
Package newfloat Info: Setting Plan B file extension to `lof'... on input line 
1.
LaTeX Font Info:    Font shape `JT1/mc/bx/n' in size <17.28> not available
(Font)              Font shape `JT1/gt/m/n' tried instead on input line 2.
LaTeX Font Info:    Font shape `JY1/mc/bx/n' in size <17.28> not available
(Font)              Font shape `JY1/gt/m/n' tried instead on input line 2.
LaTeX Font Info:    Font shape `JT1/mc/bx/n' in size <14.4> not available
(Font)              Font shape `JT1/gt/m/n' tried instead on input line 3.
LaTeX Font Info:    Font shape `JY1/mc/bx/n' in size <14.4> not available
(Font)              Font shape `JY1/gt/m/n' tried instead on input line 3.
LaTeX Font Info:    Try loading font information for OMS+cmr on input line 24.
(/usr/local/texlive/2015/texmf-dist/tex/latex/base/omscmr.fd
File: omscmr.fd 2014/09/29 v2.5h Standard LaTeX font definitions
)
LaTeX Font Info:    Font shape `OMS/cmr/m/n' in size <12> not available
(Font)              Font shape `OMS/cmsy/m/n' tried instead on input line 24.
 [3

]
File: ./chap1/heterodyne_detect.eps Graphic file (type eps)

<./chap1/heterodyne_detect.eps> [4]

LaTeX Warning: Citation `hoge' on page 5 undefined on input line 67.

[5]

LaTeX Warning: Reference `' on page 6 undefined on input line 112.


LaTeX Warning: Reference `' on page 6 undefined on input line 125.

[6]

LaTeX Warning: Reference `' on page 7 undefined on input line 132.


LaTeX Warning: Reference `' on page 7 undefined on input line 142.

File: ./chap1/tidal_model.eps Graphic file (type eps)
<./chap1/tidal_model.eps>

LaTeX Warning: Reference `' on page 7 undefined on input line 160.

[7]
File: ./chap1/tidal_common.eps Graphic file (type eps)
 <./chap1/tidal_common.eps>

LaTeX Warning: Reference `' on page 8 undefined on input line 173.

File: ./chap1/tidal_differential.eps Graphic file (type eps)
<./chap1/tidal_differential.eps>) (./chapter2.tex [8]
第 2 章

LaTeX Warning: Reference `im:gif' on page 9 undefined on input line 3.


LaTeX Warning: Reference `' on page 9 undefined on input line 6.


LaTeX Warning: Reference `' on page 9 undefined on input line 8.


LaTeX Warning: Reference `' on page 9 undefined on input line 8.

File: ./chap2/gif.eps Graphic file (type eps)
<./chap2/gif.eps> [9

]

LaTeX Warning: Reference `' on page 10 undefined on input line 30.

[10]

LaTeX Warning: Reference `im_mich_tf' on page 11 undefined on input line 68.


LaTeX Warning: Reference `' on page 11 undefined on input line 72.

[11]

Package caption Warning: \label without proper \caption on input line 99.
See the caption package documentation for explanation.


LaTeX Warning: Reference `im:qudrature' on page 12 undefined on input line 89.

File: ./chap2/quadrature.eps Graphic file (type eps)
<./chap2/quadrature.eps>

LaTeX Warning: Reference `' on page 12 undefined on input line 111.

[12]

LaTeX Warning: Reference `lisa_2PD' on page 13 undefined on input line 123.


LaTeX Warning: Reference `lisa_2PD' on page 13 undefined on input line 126.

[13]
File: ./chap2/noimage.eps Graphic file (type eps)
 <./chap2/noimage.eps>

LaTeX Warning: Reference `' on page 14 undefined on input line 157.

[14] [15]

Package caption Warning: \label without proper \caption on input line 182.
See the caption package documentation for explanation.


LaTeX Warning: Reference `im:unwrap' on page 16 undefined on input line 168.


Package caption Warning: \label without proper \caption on input line 182.
See the caption package documentation for explanation.


LaTeX Warning: Reference `im:unwrap' on page 16 undefined on input line 170.


LaTeX Warning: Reference `' on page 16 undefined on input line 177.

File: ./chap2/noimage.eps Graphic file (type eps)
<./chap2/noimage.eps> [16] [17]

LaTeX Warning: Citation `が' on page 18 undefined on input line 210.


LaTeX Warning: Citation `ら' on page 18 undefined on input line 223.


LaTeX Warning: Reference `eq_fitting' on page 18 undefined on input line 224.

[18]

Package caption Warning: \label without proper \caption on input line 182.
See the caption package documentation for explanation.


LaTeX Warning: Reference `im:unwrap' on page 19 undefined on input line 254.


Package caption Warning: \label without proper \caption on input line 182.
See the caption package documentation for explanation.


LaTeX Warning: Reference `im:unwrap' on page 19 undefined on input line 264.


LaTeX Warning: Reference `' on page 19 undefined on input line 275.

File: ./chap2/optics_overview.eps Graphic file (type eps)
<./chap2/optics_overview.eps> [19]

Package caption Warning: \label without proper \caption on input line 317.
See the caption package documentation for explanation.


LaTeX Warning: Reference `modematching_optics' on page 20 undefined on input li
ne 305.

[20]
File: ./chap2/noimage.eps Graphic file (type eps)
 <./chap2/noimage.eps> [21]

Package caption Warning: \label without proper \caption on input line 350.
See the caption package documentation for explanation.


LaTeX Warning: Reference `im:modematch_ver0' on page 22 undefined on input line
 337.


Package caption Warning: \label without proper \caption on input line 375.
See the caption package documentation for explanation.


LaTeX Warning: Reference `im:modematch_ver4' on page 22 undefined on input line
 338.


Package caption Warning: \label without proper \caption on input line 350.
See the caption package documentation for explanation.


LaTeX Warning: Reference `im:modematch_ver0' on page 22 undefined on input line
 344.


Package caption Warning: \label without proper \caption on input line 375.
See the caption package documentation for explanation.


LaTeX Warning: Reference `im:modematch_ver4' on page 22 undefined on input line
 344.

File: ./chap2/modematch_ver0.eps Graphic file (type eps)
<./chap2/modematch_ver0.eps>
File: ./chap2/modematch_ver0.eps Graphic file (type eps)
 <./chap2/modematch_ver0.eps> [22]

Package caption Warning: \label without proper \caption on input line 414.
See the caption package documentation for explanation.


LaTeX Warning: Reference `im:stabilized_laser' on page 23 undefined on input li
ne 401.

File: ./chap2/stabilized_laser.eps Graphic file (type eps)
<./chap2/stabilized_laser.eps> [23] [24]

Package caption Warning: \label without proper \caption on input line 449.
See the caption package documentation for explanation.


LaTeX Warning: Reference `im:gifLaser_OLT' on page 25 undefined on input line 4
45.

File: ./chap2/noimage.eps Graphic file (type eps)
<./chap2/noimage.eps>

LaTeX Warning: Reference `' on page 25 undefined on input line 456.

[25]
File: ./chap2/kairo.eps Graphic file (type eps)
 <./chap2/kairo.eps>
Overfull \hbox (42.89018pt too wide) in paragraph at lines 465--468
 [] 
 []

[26]) (./chapter3.tex [27] [28]
第 3 章
[29

]
File: ./chap3/tidal_simple_model.eps Graphic file (type eps)
 <./chap3/tidal_simple_model.eps>

LaTeX Warning: `h' float specifier changed to `ht'.

File: ./chap3/tidal_compensation.eps Graphic file (type eps)
<./chap3/tidal_compensation.eps>

LaTeX Warning: `h' float specifier changed to `ht'.

) (./appendix.tex [30] [31] [32]
第 4 章
)
One-sided document style.
[33

] [34] (./thesis.bbl

LaTeX Warning: Empty `thebibliography' environment on input line 8.

)
Package atveryend Info: Empty hook `BeforeClearDocument' on input line 28.
 [35

]
Package atveryend Info: Empty hook `AfterLastShipout' on input line 28.
 (./thesis.aux)
Package atveryend Info: Empty hook `AtVeryEndDocument' on input line 28.
Package atveryend Info: Empty hook `AtEndAfterFileList' on input line 28.


LaTeX Warning: There were undefined references.


LaTeX Warning: There were multiply-defined labels.

Package atveryend Info: Empty hook `AtVeryVeryEnd' on input line 28.
 ) 
Here is how much of TeX's memory you used:
 7462 strings out of 493777
 114605 string characters out of 6151334
 216109 words of memory out of 5000000
 10839 multiletter control sequences out of 15000+600000
 18887 words of font info for 75 fonts, out of 8000000 for 9000
 929 hyphenation exceptions out of 8191
 36i,12n,38p,983b,434s stack positions out of 5000i,500n,10000p,200000b,80000s

Output written on thesis.dvi (36 pages, 99568 bytes).
