\BOOKMARK [0][-]{chapter.1}{地上重力波望遠鏡}{}% 1
\BOOKMARK [1][-]{section.1.1}{重力波}{chapter.1}% 2
\BOOKMARK [2][-]{subsection.1.1.1}{基本的性質}{section.1.1}% 3
\BOOKMARK [2][-]{subsection.1.1.2}{重力波源}{section.1.1}% 4
\BOOKMARK [2][-]{subsection.1.1.3}{レーザ干渉計による地上検出}{section.1.1}% 5
\BOOKMARK [1][-]{section.1.2}{検出原理}{chapter.1}% 6
\BOOKMARK [2][-]{subsection.1.2.1}{Fabry-Perot Michelson干渉計}{section.1.2}% 7
\BOOKMARK [2][-]{subsection.1.2.2}{重力波信号の取得}{section.1.2}% 8
\BOOKMARK [1][-]{section.1.3}{検出器の安定性}{chapter.1}% 9
\BOOKMARK [2][-]{subsection.1.3.1}{安定性}{section.1.3}% 10
\BOOKMARK [2][-]{subsection.1.3.2}{地殻変動補償の必要性}{section.1.3}% 11
\BOOKMARK [2][-]{subsection.1.3.3}{地球潮汐による腕の長さ変化}{section.1.3}% 12
\BOOKMARK [0][-]{chapter.2}{レーザ歪み計}{}% 13
\BOOKMARK [1][-]{section.2.1}{観測対象}{chapter.2}% 14
\BOOKMARK [1][-]{section.2.2}{原理}{chapter.2}% 15
\BOOKMARK [2][-]{subsection.2.2.1}{歪みに対する応答（すこし間違ってる）}{section.2.2}% 16
\BOOKMARK [2][-]{subsection.2.2.2}{信号取得}{section.2.2}% 17
\BOOKMARK [2][-]{subsection.2.2.3}{位相カウンター}{section.2.2}% 18
\BOOKMARK [1][-]{section.2.3}{構成}{chapter.2}% 19
\BOOKMARK [2][-]{subsection.2.3.1}{光学系概要}{section.2.3}% 20
\BOOKMARK [2][-]{subsection.2.3.2}{モードマッチ}{section.2.3}% 21
\BOOKMARK [2][-]{subsection.2.3.3}{周波数安定化レーザ}{section.2.3}% 22
\BOOKMARK [2][-]{subsection.2.3.4}{データ取得系}{section.2.3}% 23
\BOOKMARK [0][-]{chapter.3}{地殻変動モニター}{}% 24
\BOOKMARK [1][-]{section.3.1}{レーザ歪み計の利点}{chapter.3}% 25
\BOOKMARK [1][-]{section.3.2}{低周波地殻歪みの補償}{chapter.3}% 26
\BOOKMARK [2][-]{subsection.3.2.1}{目的}{section.3.2}% 27
\BOOKMARK [2][-]{subsection.3.2.2}{脈動}{section.3.2}% 28
\BOOKMARK [2][-]{subsection.3.2.3}{地球潮汐}{section.3.2}% 29
\BOOKMARK [2][-]{subsection.3.2.4}{補償システム}{section.3.2}% 30
\BOOKMARK [2][-]{subsection.3.2.5}{保証システム}{section.3.2}% 31
\BOOKMARK [1][-]{section.3.3}{まとめ}{chapter.3}% 32
\BOOKMARK [0][-]{chapter.4}{Appendix}{}% 33
\BOOKMARK [1][-]{section.4.1}{空間モードの変換計算}{chapter.4}% 34
