\BOOKMARK [0][-]{section*.2}{要約}{}% 1
\BOOKMARK [0][-]{section*.3}{記号・略語一覧}{}% 2
\BOOKMARK [0][-]{chapter.1}{1 レーザー干渉計型重力波望遠鏡}{}% 3
\BOOKMARK [1][-]{section.1.1}{1.1 せくしょん　リンク色のチェック}{chapter.1}% 4
\BOOKMARK [2][-]{subsection.1.1.1}{1.1.1 さぶせくしょん}{section.1.1}% 5
\BOOKMARK [2][-]{subsection.1.1.2}{1.1.2 きれいな図}{section.1.1}% 6
\BOOKMARK [1][-]{section.1.2}{1.2 せくしょんtwo}{chapter.1}% 7
\BOOKMARK [2][-]{subsection.1.2.1}{1.2.1 へっだーちぇっく}{section.1.2}% 8
\BOOKMARK [0][-]{chapter.2}{2 地殻変動補償システム}{}% 9
\BOOKMARK [1][-]{section.2.1}{2.1 レーザ干渉計型歪み計}{chapter.2}% 10
\BOOKMARK [2][-]{subsection.2.1.1}{2.1.1 設計感度}{section.2.1}% 11
\BOOKMARK [2][-]{subsection.2.1.2}{2.1.2 入射レーザ}{section.2.1}% 12
\BOOKMARK [2][-]{subsection.2.1.3}{2.1.3 光学系}{section.2.1}% 13
\BOOKMARK [2][-]{subsection.2.1.4}{2.1.4 データ取得系}{section.2.1}% 14
\BOOKMARK [0][-]{appendix.A}{A \040ほい}{}% 15
\BOOKMARK [1][-]{section.A.1}{A.1 ほいせくしょん}{appendix.A}% 16
\BOOKMARK [2][-]{subsection.A.1.1}{A.1.1 ほいさぶせくしょん}{section.A.1}% 17
\BOOKMARK [0][-]{appendix.B}{B \040ほいほい}{}% 18
\BOOKMARK [0][-]{section*.7}{参考文献}{}% 19
\BOOKMARK [0][-]{section*.8}{謝辞}{}% 20
